<?xml version="1.0" encoding="UTF-8"?>
<!-- Generated by org.testng.reporters.JUnitXMLReporter -->
<testsuite ignored="0" hostname="DESKTOP-C47SQLS" failures="0" tests="9" name="Test" time="0.19" errors="0" timestamp="2023-02-16T18:49:17 IST">
  <testcase classname="CommunitCloud.Biogen.HDFCZ" name="PersonalLoanRateOfInterest" time="0.02"/>
  <testcase classname="CommunitCloud.Biogen.HDFCZ" name="carLoanRateOfInterest" time="0.004"/>
  <testcase classname="CommunitCloud.Biogen.HDFCZ" name="goldLoanReateOfInterest" time="0.005"/>
  <testcase classname="CommunitCloud.Biogen.SBIZ" name="PersonalLoanRateOfInterest" time="0.004"/>
  <testcase classname="CommunitCloud.Biogen.SBIZ" name="carLoanRateOfInterest" time="0.005"/>
  <testcase classname="CommunitCloud.Biogen.SBIZ" name="goldLoanReateOfInterest" time="0.008"/>
  <testcase classname="CommunitCloud.Biogen.HSBCZ" name="PersonalLoanRateOfInterest" time="0.004"/>
  <testcase classname="CommunitCloud.Biogen.HSBCZ" name="carLoanRateOfInterest" time="0.005"/>
  <testcase classname="CommunitCloud.Biogen.HSBCZ" name="goldLoanReateOfInterest" time="0.002"/>
</testsuite> <!-- Test -->
